2026-03-15 12:17:26,276 [INFO] Activator:176 - 


2026-03-15 12:17:26,284 [INFO] Activator:177 - !SESSION log4j initialized
2026-03-15 12:17:36,272 [INFO] LogOutputStream:77 - [STDOUT_REDIRECT] 
2026-03-15 12:17:41,117 [INFO] ApplicationProperties:184 - Using Application install path: C:\ST\STM32CubeIDE_1.18.1\STM32CubeIDE\plugins\com.st.stm32cube.common.mx_6.15.0.202507011659
2026-03-15 12:17:41,146 [INFO] DbMcusXml:78 - Set database path to: C:\ST\STM32CubeIDE_1.18.1\STM32CubeIDE\plugins\com.st.stm32cube.common.mx_6.15.0.202507011659\\db\/mcu/
2026-03-15 12:17:41,146 [INFO] ApiDb:274 - Set plugin database path to: C:\ST\STM32CubeIDE_1.18.1\STM32CubeIDE\plugins\com.st.stm32cube.common.mx_6.15.0.202507011659\\db\/plugins/boardmanager/
2026-03-15 12:17:41,148 [WARN] ApiDb:259 - Overriding images path with different value:  => C:\ST\STM32CubeIDE_1.18.1\STM32CubeIDE\plugins\com.st.stm32cube.common.mx_6.15.0.202507011659\\db\/plugins/mcufinder/images/
2026-03-15 12:17:41,168 [INFO] ApiDb:250 - Set database path to: C:\Users\karan\.stmcufinder\plugins\mcufinder//mcu/
2026-03-15 12:17:41,170 [INFO] DbMcusAds:125 - Set database path to: C:\Users\karan\.stmcufinder\plugins\mcufinder//mcu/
2026-03-15 12:17:41,174 [INFO] CrossReferenceDbSqlite:203 - Set database path to: C:\Users\karan\.stmcufinder\plugins\mcufinder//mcu/cs/
2026-03-15 12:17:41,339 [INFO] RulesReader:64 - Compatibility file has been processed (317 Rules)
2026-03-15 12:17:41,513 [INFO] DbMcusXml:78 - Set database path to: C:\ST\STM32CubeIDE_1.18.1\STM32CubeIDE\plugins\com.st.stm32cube.common.mx_6.15.0.202507011659\\db\/mcu/
2026-03-15 12:17:41,513 [INFO] ApiDb:274 - Set plugin database path to: C:\ST\STM32CubeIDE_1.18.1\STM32CubeIDE\plugins\com.st.stm32cube.common.mx_6.15.0.202507011659\\db\/plugins/boardmanager/
2026-03-15 12:17:41,513 [INFO] ApiDb:261 - Set plugin images path to: C:\ST\STM32CubeIDE_1.18.1\STM32CubeIDE\plugins\com.st.stm32cube.common.mx_6.15.0.202507011659\\db\/plugins/mcufinder/images/
2026-03-15 12:17:41,513 [WARN] DbFile:41 - Overriding database path with different value: C:\Users\karan\.stmcufinder\plugins\mcufinder/ => C:\Users\karan\.stmcufinder\plugins\mcufinder
2026-03-15 12:17:41,513 [INFO] ApiDb:250 - Set database path to: C:\Users\karan\.stmcufinder\plugins\mcufinder//mcu/
2026-03-15 12:17:41,513 [WARN] DbFile:41 - Overriding database path with different value: C:\Users\karan\.stmcufinder\plugins\mcufinder/ => C:\Users\karan\.stmcufinder\plugins\mcufinder
2026-03-15 12:17:41,513 [INFO] DbMcusAds:125 - Set database path to: C:\Users\karan\.stmcufinder\plugins\mcufinder//mcu/
2026-03-15 12:17:41,513 [WARN] DbFile:41 - Overriding database path with different value: C:\Users\karan\.stmcufinder\plugins\mcufinder/ => C:\Users\karan\.stmcufinder\plugins\mcufinder
2026-03-15 12:17:41,513 [WARN] DbFile:41 - Overriding database path with different value: C:\Users\karan\.stmcufinder\plugins\mcufinder/ => C:\Users\karan\.stmcufinder\plugins\mcufinder
2026-03-15 12:17:41,513 [INFO] CrossReferenceDbSqlite:203 - Set database path to: C:\Users\karan\.stmcufinder\plugins\mcufinder//mcu/cs/
2026-03-15 12:17:41,674 [INFO] MainPanel:274 - HeapMemory: 268435456
2026-03-15 12:17:41,871 [INFO] DbMcusXml:78 - Set database path to: C:\ST\STM32CubeIDE_1.18.1\STM32CubeIDE\plugins\com.st.stm32cube.common.mx_6.15.0.202507011659\\db\/mcu/
2026-03-15 12:17:41,871 [INFO] ApiDb:274 - Set plugin database path to: C:\ST\STM32CubeIDE_1.18.1\STM32CubeIDE\plugins\com.st.stm32cube.common.mx_6.15.0.202507011659\\db\/plugins/boardmanager/
2026-03-15 12:17:41,871 [INFO] ApiDb:261 - Set plugin images path to: C:\ST\STM32CubeIDE_1.18.1\STM32CubeIDE\plugins\com.st.stm32cube.common.mx_6.15.0.202507011659\\db\/plugins/mcufinder/images/
2026-03-15 12:17:41,873 [WARN] DbFile:41 - Overriding database path with different value: C:\Users\karan\.stmcufinder\plugins\mcufinder/ => C:\Users\karan\.stmcufinder\plugins\mcufinder
2026-03-15 12:17:41,873 [INFO] ApiDb:250 - Set database path to: C:\Users\karan\.stmcufinder\plugins\mcufinder//mcu/
2026-03-15 12:17:41,873 [WARN] DbFile:41 - Overriding database path with different value: C:\Users\karan\.stmcufinder\plugins\mcufinder/ => C:\Users\karan\.stmcufinder\plugins\mcufinder
2026-03-15 12:17:41,873 [INFO] DbMcusAds:125 - Set database path to: C:\Users\karan\.stmcufinder\plugins\mcufinder//mcu/
2026-03-15 12:17:41,873 [WARN] DbFile:41 - Overriding database path with different value: C:\Users\karan\.stmcufinder\plugins\mcufinder/ => C:\Users\karan\.stmcufinder\plugins\mcufinder
2026-03-15 12:17:41,873 [WARN] DbFile:41 - Overriding database path with different value: C:\Users\karan\.stmcufinder\plugins\mcufinder/ => C:\Users\karan\.stmcufinder\plugins\mcufinder
2026-03-15 12:17:41,873 [INFO] CrossReferenceDbSqlite:203 - Set database path to: C:\Users\karan\.stmcufinder\plugins\mcufinder//mcu/cs/
2026-03-15 12:17:41,904 [INFO] ApplicationProperties:184 - Using Application install path: C:\ST\STM32CubeIDE_1.18.1\STM32CubeIDE\plugins\com.st.stm32cube.common.mx_6.15.0.202507011659
2026-03-15 12:17:41,906 [INFO] PluginManage:196 - Search for loadable plugins [exclusion list=, ]
2026-03-15 12:17:41,910 [INFO] PluginManage:310 - Check plugin analytics
2026-03-15 12:17:42,211 [INFO] AnalyticsPlugin:253 - Accepted Software Licenses: STM32CubeMX.6.14.1
2026-03-15 12:17:42,211 [INFO] AnalyticsPlugin:255 - Accepted CMSIS Pack Licenses: STMicroelectronics.FP-SNS-FLIGHT1.5.1.0
2026-03-15 12:17:42,211 [INFO] AnalyticsPlugin:257 - Accepted Firmware Licenses: FW.G0.1.6.0,FW.F4.1.28.0,FW.C0.1.4.0,FW.H7.1.12.0,FW.F7.1.17.0
2026-03-15 12:17:42,221 [INFO] PluginManage:359 - Loaded plugin analytics (category:tool,tabindex:-1)
2026-03-15 12:17:42,221 [INFO] PluginManage:310 - Check plugin cadmodel
2026-03-15 12:17:42,238 [INFO] CADModel:105 - Init CAD model plugin
2026-03-15 12:17:42,238 [INFO] PluginManage:359 - Loaded plugin cadmodel (category:power,tabindex:5)
2026-03-15 12:17:42,238 [INFO] PluginManage:310 - Check plugin clock
2026-03-15 12:17:42,261 [INFO] PluginManage:359 - Loaded plugin clock (category:base,tabindex:2)
2026-03-15 12:17:42,261 [INFO] PluginManage:310 - Check plugin ddr
2026-03-15 12:17:42,266 [INFO] PluginManage:359 - Loaded plugin ddr (category:tool,tabindex:6)
2026-03-15 12:17:42,266 [INFO] PluginManage:310 - Check plugin filemanager
2026-03-15 12:17:42,541 [INFO] PluginManage:359 - Loaded plugin filemanager (category:base,tabindex:10)
2026-03-15 12:17:42,541 [INFO] PluginManage:310 - Check plugin ipmanager
2026-03-15 12:17:42,555 [INFO] PluginManage:359 - Loaded plugin ipmanager (category:base,tabindex:5)
2026-03-15 12:17:42,555 [INFO] PluginManage:310 - Check plugin lpbam
2026-03-15 12:17:42,570 [INFO] PluginManage:359 - Loaded plugin lpbam (category:base,tabindex:0)
2026-03-15 12:17:42,570 [INFO] PluginManage:310 - Check plugin memorymap
2026-03-15 12:17:42,593 [INFO] PluginManage:359 - Loaded plugin memorymap (category:base,tabindex:4)
2026-03-15 12:17:42,593 [INFO] PluginManage:310 - Check plugin pinoutandconfiguration
2026-03-15 12:17:42,610 [INFO] PluginManage:359 - Loaded plugin pinoutandconfiguration (category:base,tabindex:1)
2026-03-15 12:17:42,610 [INFO] PluginManage:310 - Check plugin pinoutconfig
2026-03-15 12:17:42,770 [WARN] SupportedApi:132 - Cannot load RTOS API schema: s4s-elt-must-match.1: The content of 'definitions' must match (annotation?, (simpleType | complexType)?, (unique | key | keyref)*)). A problem was found starting at: attribute.
2026-03-15 12:17:42,986 [INFO] PluginManage:359 - Loaded plugin pinoutconfig (category:base,tabindex:0)
2026-03-15 12:17:42,986 [INFO] PluginManage:310 - Check plugin power
2026-03-15 12:17:43,007 [INFO] PluginManage:359 - Loaded plugin power (category:power,tabindex:4)
2026-03-15 12:17:43,007 [INFO] PluginManage:310 - Check plugin projectmanager
2026-03-15 12:17:43,034 [INFO] PluginManage:359 - Loaded plugin projectmanager (category:projectmanager,tabindex:4)
2026-03-15 12:17:43,034 [INFO] PluginManage:310 - Check plugin rif
2026-03-15 12:17:43,049 [INFO] PluginManage:359 - Loaded plugin rif (category:base,tabindex:3)
2026-03-15 12:17:43,049 [INFO] PluginManage:310 - Check plugin thirdparty
2026-03-15 12:17:43,287 [INFO] PluginManage:359 - Loaded plugin thirdparty (category:base,tabindex:-1)
2026-03-15 12:17:43,287 [INFO] PluginManage:310 - Check plugin tools
2026-03-15 12:17:43,287 [WARN] IntegrityCheckThread:84 - waiting for thirdparty lock release [integrity check]
2026-03-15 12:17:43,287 [INFO] IntegrityCheckThread:86 - entering critical section [integrity check]
2026-03-15 12:17:43,287 [INFO] ThirdPartyUpdaterWithRetryManager:70 - Updater plugin not ready yet. [1/15]
2026-03-15 12:17:43,291 [INFO] PluginManage:359 - Loaded plugin tools (category:base,tabindex:7)
2026-03-15 12:17:43,291 [INFO] PluginManage:310 - Check plugin tutovideos
2026-03-15 12:17:43,689 [INFO] PluginManage:359 - Loaded plugin tutovideos (category:base,tabindex:-1)
2026-03-15 12:17:43,689 [INFO] PluginManage:310 - Check plugin updater
2026-03-15 12:17:43,731 [INFO] PluginManage:359 - Loaded plugin updater (category:base,tabindex:12)
2026-03-15 12:17:43,731 [INFO] PluginManage:310 - Check plugin userauth
2026-03-15 12:17:43,737 [INFO] UserAuth:118 - Init User Auth plugin
2026-03-15 12:17:43,738 [INFO] PluginManage:359 - Loaded plugin userauth (category:base,tabindex:14)
2026-03-15 12:17:43,739 [INFO] PluginManage:283 - PluginManage : Loaded plugins [18]
2026-03-15 12:17:44,125 [INFO] PinOutPanel:1589 - setPackage(No Configuration,No Configuration)
2026-03-15 12:17:44,305 [INFO] CADModel:165 - CPN selected for project level
2026-03-15 12:17:44,305 [INFO] CADModel:114 - Register for checkConnection events
2026-03-15 12:17:44,339 [INFO] IPUIPlugin:80 - create IPUIPlugin
2026-03-15 12:17:44,339 [INFO] PluginManager:220 - loadIPPluginJar : add adc
2026-03-15 12:17:44,345 [INFO] IPUIPlugin:80 - create IPUIPlugin
2026-03-15 12:17:44,345 [INFO] PluginManager:220 - loadIPPluginJar : add aes
2026-03-15 12:17:44,347 [INFO] IPUIPlugin:80 - create IPUIPlugin
2026-03-15 12:17:44,347 [INFO] PluginManager:220 - loadIPPluginJar : add can
2026-03-15 12:17:44,354 [INFO] IPUIPlugin:80 - create IPUIPlugin
2026-03-15 12:17:44,354 [INFO] PluginManager:220 - loadIPPluginJar : add comp
2026-03-15 12:17:44,361 [INFO] IPUIPlugin:80 - create IPUIPlugin
2026-03-15 12:17:44,361 [INFO] PluginManager:220 - loadIPPluginJar : add cryp
2026-03-15 12:17:44,368 [INFO] IPUIPlugin:80 - create IPUIPlugin
2026-03-15 12:17:44,368 [INFO] PluginManager:220 - loadIPPluginJar : add ddr_ctrl_phy
2026-03-15 12:17:44,373 [INFO] IPUIPlugin:80 - create IPUIPlugin
2026-03-15 12:17:44,374 [INFO] PluginManager:220 - loadIPPluginJar : add dfsdm
2026-03-15 12:17:44,382 [INFO] IPUIPlugin:80 - create IPUIPlugin
2026-03-15 12:17:44,382 [INFO] PluginManager:220 - loadIPPluginJar : add dma
2026-03-15 12:17:44,389 [INFO] IPUIPlugin:80 - create IPUIPlugin
2026-03-15 12:17:44,389 [INFO] PluginManager:220 - loadIPPluginJar : add dma3
2026-03-15 12:17:44,401 [INFO] IPUIPlugin:80 - create IPUIPlugin
2026-03-15 12:17:44,401 [INFO] PluginManager:220 - loadIPPluginJar : add extmemmanager
2026-03-15 12:17:44,403 [INFO] IPUIPlugin:80 - create IPUIPlugin
2026-03-15 12:17:44,403 [INFO] PluginManager:220 - loadIPPluginJar : add fatfs
2026-03-15 12:17:44,414 [INFO] IPUIPlugin:80 - create IPUIPlugin
2026-03-15 12:17:44,414 [INFO] PluginManager:220 - loadIPPluginJar : add fmc
2026-03-15 12:17:44,426 [INFO] IPUIPlugin:80 - create IPUIPlugin
2026-03-15 12:17:44,426 [INFO] PluginManager:220 - loadIPPluginJar : add freertos
2026-03-15 12:17:44,433 [INFO] IPUIPlugin:80 - create IPUIPlugin
2026-03-15 12:17:44,433 [INFO] PluginManager:220 - loadIPPluginJar : add genericplugin
2026-03-15 12:17:44,437 [INFO] IPUIPlugin:80 - create IPUIPlugin
2026-03-15 12:17:44,437 [INFO] PluginManager:220 - loadIPPluginJar : add gfxmmu
2026-03-15 12:17:44,444 [INFO] IPUIPlugin:80 - create IPUIPlugin
2026-03-15 12:17:44,444 [INFO] PluginManager:220 - loadIPPluginJar : add gic
2026-03-15 12:17:44,451 [INFO] IPUIPlugin:80 - create IPUIPlugin
2026-03-15 12:17:44,451 [INFO] PluginManager:220 - loadIPPluginJar : add gpio
2026-03-15 12:17:44,458 [INFO] IPUIPlugin:80 - create IPUIPlugin
2026-03-15 12:17:44,458 [INFO] PluginManager:220 - loadIPPluginJar : add gtzc
2026-03-15 12:17:44,464 [INFO] IPUIPlugin:80 - create IPUIPlugin
2026-03-15 12:17:44,464 [INFO] PluginManager:220 - loadIPPluginJar : add hash
2026-03-15 12:17:44,465 [INFO] IPUIPlugin:80 - create IPUIPlugin
2026-03-15 12:17:44,465 [INFO] PluginManager:220 - loadIPPluginJar : add i2c
2026-03-15 12:17:44,472 [INFO] IPUIPlugin:80 - create IPUIPlugin
2026-03-15 12:17:44,472 [INFO] PluginManager:220 - loadIPPluginJar : add i2s
2026-03-15 12:17:44,479 [INFO] IPUIPlugin:80 - create IPUIPlugin
2026-03-15 12:17:44,479 [INFO] PluginManager:220 - loadIPPluginJar : add i3c
2026-03-15 12:17:44,486 [INFO] IPUIPlugin:80 - create IPUIPlugin
2026-03-15 12:17:44,487 [INFO] PluginManager:220 - loadIPPluginJar : add ipddr
2026-03-15 12:17:44,498 [INFO] IPUIPlugin:80 - create IPUIPlugin
2026-03-15 12:17:44,498 [INFO] PluginManager:220 - loadIPPluginJar : add linkedlist
2026-03-15 12:17:44,505 [INFO] IPUIPlugin:80 - create IPUIPlugin
2026-03-15 12:17:44,505 [INFO] PluginManager:220 - loadIPPluginJar : add lorawan
2026-03-15 12:17:44,507 [INFO] IPUIPlugin:80 - create IPUIPlugin
2026-03-15 12:17:44,510 [INFO] PluginManager:220 - loadIPPluginJar : add ltdc
2026-03-15 12:17:44,518 [INFO] IPUIPlugin:80 - create IPUIPlugin
2026-03-15 12:17:44,518 [INFO] PluginManager:220 - loadIPPluginJar : add mdma
2026-03-15 12:17:44,527 [INFO] IPUIPlugin:80 - create IPUIPlugin
2026-03-15 12:17:44,527 [INFO] PluginManager:220 - loadIPPluginJar : add nvic
2026-03-15 12:17:44,534 [INFO] IPUIPlugin:80 - create IPUIPlugin
2026-03-15 12:17:44,534 [INFO] PluginManager:220 - loadIPPluginJar : add opamp
2026-03-15 12:17:44,541 [INFO] IPUIPlugin:80 - create IPUIPlugin
2026-03-15 12:17:44,541 [INFO] PluginManager:220 - loadIPPluginJar : add openamp
2026-03-15 12:17:44,546 [INFO] IPUIPlugin:80 - create IPUIPlugin
2026-03-15 12:17:44,548 [INFO] PluginManager:220 - loadIPPluginJar : add pdm2pcm
2026-03-15 12:17:44,558 [INFO] IPUIPlugin:80 - create IPUIPlugin
2026-03-15 12:17:44,564 [INFO] PluginManager:220 - loadIPPluginJar : add plateformsettings
2026-03-15 12:17:44,564 [INFO] IPUIPlugin:80 - create IPUIPlugin
2026-03-15 12:17:44,564 [INFO] PluginManager:220 - loadIPPluginJar : add quadspi
2026-03-15 12:17:44,569 [INFO] IPUIPlugin:80 - create IPUIPlugin
2026-03-15 12:17:44,569 [INFO] PluginManager:220 - loadIPPluginJar : add radio
2026-03-15 12:17:44,576 [INFO] IPUIPlugin:80 - create IPUIPlugin
2026-03-15 12:17:44,576 [INFO] PluginManager:220 - loadIPPluginJar : add resmgrutility
2026-03-15 12:17:44,590 [INFO] IPUIPlugin:80 - create IPUIPlugin
2026-03-15 12:17:44,590 [INFO] PluginManager:220 - loadIPPluginJar : add sai
2026-03-15 12:17:44,594 [INFO] IPUIPlugin:80 - create IPUIPlugin
2026-03-15 12:17:44,594 [INFO] PluginManager:220 - loadIPPluginJar : add spi
2026-03-15 12:17:44,605 [INFO] IPUIPlugin:80 - create IPUIPlugin
2026-03-15 12:17:44,605 [INFO] PluginManager:220 - loadIPPluginJar : add stm32_wpan
2026-03-15 12:17:44,611 [INFO] IPUIPlugin:80 - create IPUIPlugin
2026-03-15 12:17:44,611 [INFO] PluginManager:220 - loadIPPluginJar : add tim
2026-03-15 12:17:44,615 [INFO] IPUIPlugin:80 - create IPUIPlugin
2026-03-15 12:17:44,617 [INFO] PluginManager:220 - loadIPPluginJar : add touchsensing
2026-03-15 12:17:44,621 [INFO] IPUIPlugin:80 - create IPUIPlugin
2026-03-15 12:17:44,621 [INFO] PluginManager:220 - loadIPPluginJar : add tracer_emb
2026-03-15 12:17:44,625 [INFO] IPUIPlugin:80 - create IPUIPlugin
2026-03-15 12:17:44,625 [INFO] PluginManager:220 - loadIPPluginJar : add ts
2026-03-15 12:17:44,630 [INFO] IPUIPlugin:80 - create IPUIPlugin
2026-03-15 12:17:44,630 [INFO] PluginManager:220 - loadIPPluginJar : add tsc
2026-03-15 12:17:44,634 [INFO] IPUIPlugin:80 - create IPUIPlugin
2026-03-15 12:17:44,634 [INFO] PluginManager:220 - loadIPPluginJar : add ucpd
2026-03-15 12:17:44,639 [INFO] IPUIPlugin:80 - create IPUIPlugin
2026-03-15 12:17:44,639 [INFO] PluginManager:220 - loadIPPluginJar : add usart
2026-03-15 12:17:44,646 [INFO] IPUIPlugin:80 - create IPUIPlugin
2026-03-15 12:17:44,646 [INFO] PluginManager:220 - loadIPPluginJar : add usbx
2026-03-15 12:17:44,828 [FATAL] Updater:351 - Updater called before beeing initialized
2026-03-15 12:17:44,887 [INFO] RulesReader:64 - Compatibility file has been processed (317 Rules)
2026-03-15 12:17:44,923 [INFO] RulesReader:64 - Compatibility file has been processed (317 Rules)
2026-03-15 12:17:44,946 [INFO] CADModel:165 - CPN selected for project level
2026-03-15 12:17:44,946 [INFO] CADModel:114 - Register for checkConnection events
2026-03-15 12:17:44,946 [FATAL] Updater:351 - Updater called before beeing initialized
2026-03-15 12:17:44,946 [ERROR] CADModel:125 - Updater not yet initialized, retry later 
2026-03-15 12:17:45,328 [FATAL] Updater:351 - Updater called before beeing initialized
2026-03-15 12:17:45,332 [INFO] CADModel:165 - CPN selected for project level
2026-03-15 12:17:45,332 [INFO] CADModel:114 - Register for checkConnection events
2026-03-15 12:17:45,332 [FATAL] Updater:351 - Updater called before beeing initialized
2026-03-15 12:17:45,332 [ERROR] CADModel:125 - Updater not yet initialized, retry later 
2026-03-15 12:17:45,337 [FATAL] Updater:351 - Updater called before beeing initialized
2026-03-15 12:17:45,514 [FATAL] Updater:351 - Updater called before beeing initialized
2026-03-15 12:17:45,523 [INFO] DbMcusAds:53 - JSON generation date=Thu Mar 05 20:02:53 IST 2026 (1772721173050)
2026-03-15 12:17:45,523 [FATAL] Updater:351 - Updater called before beeing initialized
2026-03-15 12:17:45,613 [WARN] DetailPanel:346 - Failed to get advertising image, set to default
2026-03-15 12:17:45,772 [FATAL] Updater:351 - Updater called before beeing initialized
2026-03-15 12:17:45,774 [FATAL] Updater:351 - Updater called before beeing initialized
2026-03-15 12:17:45,775 [FATAL] Updater:351 - Updater called before beeing initialized
2026-03-15 12:17:45,775 [WARN] DetailPanel:346 - Failed to get advertising image, set to default
2026-03-15 12:17:45,776 [FATAL] Updater:351 - Updater called before beeing initialized
2026-03-15 12:17:45,859 [ERROR] Updater:1198 - MainUpdater not yet initialized. External WinMGr cannot be set.
2026-03-15 12:17:45,866 [INFO] Updater:1134 - Updater Version found : 6.15.0
2026-03-15 12:17:45,895 [INFO] ApplicationProperties:184 - Using Application install path: C:\ST\STM32CubeIDE_1.18.1\STM32CubeIDE\plugins\com.st.stm32cube.common.mx_6.15.0.202507011659
2026-03-15 12:17:46,294 [INFO] ThirdPartyUpdaterWithRetryManager:70 - Updater plugin not ready yet. [2/15]
2026-03-15 12:17:47,509 [ERROR] LogOutputStream:75 - [STDERR_REDIRECT] Mar 15, 2026 12:17:47 PM java.util.prefs.WindowsPreferences <init>
2026-03-15 12:17:47,510 [ERROR] LogOutputStream:75 - [STDERR_REDIRECT] WARNING: Could not open/create prefs root node Software\JavaSoft\Prefs at root 0xffffffff80000002. Windows RegCreateKeyEx(...) returned error code 5.
2026-03-15 12:17:47,511 [ERROR] LogOutputStream:75 - [STDERR_REDIRECT] 
2026-03-15 12:17:48,843 [INFO] MainUpdater:2872 - connection check result : 10
2026-03-15 12:17:48,843 [INFO] MainUpdater:289 - Updater Check For Update Now.
2026-03-15 12:17:48,843 [INFO] MicroXplorer:498 - Change Database Version : DB.6.0.150
2026-03-15 12:17:48,856 [INFO] McuFinderGlobals:63 - Set McuFinder mode to 2 (CubeIDE integrated)
2026-03-15 12:17:48,856 [INFO] UserAuth:487 - Internet connection configuration mode: 1
2026-03-15 12:17:48,928 [INFO] JxBrowserEngine:152 - Initiate JxBrowser Engine with user profile folder
2026-03-15 12:17:49,095 [INFO] CheckServerUpdateThread:120 - End of CheckServer Thread
2026-03-15 12:17:50,016 [WARN] PackLoader:240 - Cannot read IP mode file for STMicroelectronics.X-CUBE-AZRTOS-H7.3.5.0
2026-03-15 12:17:50,037 [WARN] PackLoader:240 - Cannot read IP mode file for STMicroelectronics.FP-SNS-MOTENVWB1.1.4.0
2026-03-15 12:17:50,050 [WARN] PackLoader:240 - Cannot read IP mode file for STMicroelectronics.FP-ATR-ASTRA1.2.0.2
2026-03-15 12:17:50,067 [WARN] PackLoader:240 - Cannot read IP mode file for STMicroelectronics.X-CUBE-SMBUS.2.1.0
2026-03-15 12:17:50,080 [WARN] PackLoader:240 - Cannot read IP mode file for STMicroelectronics.X-CUBE-ST60.1.0.0
2026-03-15 12:17:50,159 [WARN] PackLoader:240 - Cannot read IP mode file for STMicroelectronics.X-CUBE-AZRTOS-F7.1.1.0
2026-03-15 12:17:50,204 [WARN] PackLoader:240 - Cannot read IP mode file for STMicroelectronics.FP-SNS-MOTENV1.5.1.0
2026-03-15 12:17:50,266 [WARN] PackLoader:240 - Cannot read IP mode file for Infineon.AIROC-Wi-Fi-Bluetooth-STM32.1.7.0
2026-03-15 12:17:50,318 [WARN] PackLoader:240 - Cannot read IP mode file for STMicroelectronics.X-CUBE-AZRTOS-H7.3.4.0
2026-03-15 12:17:50,334 [WARN] PackLoader:240 - Cannot read IP mode file for STMicroelectronics.X-CUBE-DISPLAY.3.0.0
2026-03-15 12:17:50,344 [WARN] PackLoader:240 - Cannot read IP mode file for STMicroelectronics.FP-SNS-MOTENVWB1.1.5.0
2026-03-15 12:17:50,362 [WARN] PackLoader:240 - Cannot read IP mode file for STMicroelectronics.X-CUBE-NFC10.1.0.0
2026-03-15 12:17:50,378 [WARN] PackLoader:240 - Cannot read IP mode file for STMicroelectronics.X-CUBE-BLEMGR.4.0.0
2026-03-15 12:17:50,388 [WARN] PackLoader:240 - Cannot read IP mode file for STMicroelectronics.X-CUBE-ST60.1.1.0
2026-03-15 12:17:50,401 [WARN] PackLoader:240 - Cannot read IP mode file for emotas.I-CUBE-CANOPEN.1.3.0
2026-03-15 12:17:50,410 [WARN] PackLoader:240 - Cannot read IP mode file for STMicroelectronics.X-CUBE-GNSS1.7.1.0
2026-03-15 12:17:50,420 [WARN] ConditionMgr:438 - getConditionDescription Invalid condition id : Cortex-A Device cause : null
2026-03-15 12:17:50,440 [WARN] ConditionMgr:1044 - genDependencies : Invalid condition id : Cortex-A Device cause : null
2026-03-15 12:17:50,440 [WARN] ConditionMgr:1044 - genDependencies : Invalid condition id : Cortex-A Device cause : null
2026-03-15 12:17:50,440 [WARN] ConditionMgr:1044 - genDependencies : Invalid condition id : Cortex-A Device cause : null
2026-03-15 12:17:50,452 [WARN] PackLoader:240 - Cannot read IP mode file for STMicroelectronics.FP-SNS-STBOX1.2.1.0
2026-03-15 12:17:50,462 [WARN] PackLoader:240 - Cannot read IP mode file for STMicroelectronics.FP-SNS-SMARTAG2.1.2.0
2026-03-15 12:17:50,475 [WARN] PackLoader:240 - Cannot read IP mode file for STMicroelectronics.FP-SNS-FLIGHT1.5.1.0
2026-03-15 12:17:50,597 [INFO] LogOutputStream:77 - [STDOUT_REDIRECT] 1 : Invalid condition id : UX_CORESTACK_Condition cause : null
2026-03-15 12:17:50,597 [INFO] LogOutputStream:77 - [STDOUT_REDIRECT] 1 : Invalid condition id : UX_CORESTACK_Condition cause : null
2026-03-15 12:17:50,597 [INFO] LogOutputStream:77 - [STDOUT_REDIRECT] 1 : Invalid condition id : UX_CORESTACK_Condition cause : null
2026-03-15 12:17:50,597 [INFO] LogOutputStream:77 - [STDOUT_REDIRECT] 1 : Invalid condition id : UX_CORESTACK_Condition cause : null
2026-03-15 12:17:50,607 [INFO] LogOutputStream:77 - [STDOUT_REDIRECT] 1 : Invalid condition id : UX_CORESTACK_Condition cause : null
2026-03-15 12:17:50,611 [WARN] PackLoader:240 - Cannot read IP mode file for STMicroelectronics.X-CUBE-AZRTOS-WL.2.0.0
2026-03-15 12:17:50,617 [WARN] PackLoader:240 - Cannot read IP mode file for STMicroelectronics.FP-SNS-MOTENV1.5.0.0
2026-03-15 12:17:50,641 [WARN] PackLoader:240 - Cannot read IP mode file for STMicroelectronics.X-CUBE-AZRTOS-H7RS.1.2.0
2026-03-15 12:17:50,659 [WARN] PackLoader:240 - Cannot read IP mode file for WES.I-CUBE-Cesium.1.3.0
2026-03-15 12:17:50,670 [WARN] PackLoader:240 - Cannot read IP mode file for STMicroelectronics.X-CUBE-BLE2.3.3.0
2026-03-15 12:17:50,703 [WARN] PackLoader:240 - Cannot read IP mode file for STMicroelectronics.X-CUBE-NFC9.1.0.0
2026-03-15 12:17:50,718 [WARN] PackLoader:240 - Cannot read IP mode file for wolfSSL.I-CUBE-wolfSSL.5.8.0
2026-03-15 12:17:50,727 [WARN] PackLoader:240 - Cannot read IP mode file for STMicroelectronics.X-CUBE-BLE1.7.1.0
2026-03-15 12:17:50,732 [WARN] PackLoader:240 - Cannot read IP mode file for wolfSSL.I-CUBE-wolfMQTT.1.19.2
2026-03-15 12:17:50,743 [WARN] PackLoader:240 - Cannot read IP mode file for STMicroelectronics.X-CUBE-FREERTOS.1.4.0
2026-03-15 12:17:50,752 [WARN] PackLoader:240 - Cannot read IP mode file for STMicroelectronics.X-CUBE-EEPRMA1.5.2.0
2026-03-15 12:17:50,762 [WARN] PackLoader:240 - Cannot read IP mode file for STMicroelectronics.X-CUBE-ST67W61.1.1.0
2026-03-15 12:17:50,771 [WARN] PackLoader:240 - Cannot read IP mode file for STMicroelectronics.X-CUBE-AI.10.1.0
2026-03-15 12:17:50,890 [WARN] PackLoader:240 - Cannot read IP mode file for STMicroelectronics.X-CUBE-MEMS1.12.0.0
2026-03-15 12:17:51,174 [WARN] PackLoader:240 - Cannot read IP mode file for STMicroelectronics.X-CUBE-MEMS1.11.2.0
2026-03-15 12:17:51,404 [WARN] PackLoader:240 - Cannot read IP mode file for STMicroelectronics.X-CUBE-AZRTOS-G0.1.1.0
2026-03-15 12:17:51,417 [WARN] PackLoader:240 - Cannot read IP mode file for STMicroelectronics.X-CUBE-SAFEA1.1.2.2
2026-03-15 12:17:51,428 [WARN] PackLoader:240 - Cannot read IP mode file for STMicroelectronics.X-CUBE-NFC4.3.0.0
2026-03-15 12:17:51,444 [WARN] PackLoader:240 - Cannot read IP mode file for EmbeddedOffice.I-CUBE-FS-RTOS.1.0.1
2026-03-15 12:17:51,456 [WARN] PackLoader:240 - Cannot read IP mode file for STMicroelectronics.X-CUBE-WB05N.2.0.0
2026-03-15 12:17:51,464 [WARN] PackLoader:240 - Cannot read IP mode file for wolfSSL.I-CUBE-wolfTPM.3.8.0
2026-03-15 12:17:51,473 [WARN] PackLoader:240 - Cannot read IP mode file for STMicroelectronics.X-CUBE-TCPP.4.2.0
2026-03-15 12:17:51,484 [WARN] PackLoader:240 - Cannot read IP mode file for RealThread.X-CUBE-RT-Thread_Nano.4.1.1
2026-03-15 12:17:51,492 [WARN] PackLoader:240 - Cannot read IP mode file for STMicroelectronics.FP-ATR-SIGFOX1.3.2.0
2026-03-15 12:17:51,500 [WARN] PackLoader:240 - Cannot read IP mode file for STMicroelectronics.X-CUBE-EEPRMA1.5.1.0
2026-03-15 12:17:51,509 [WARN] PackLoader:240 - Cannot read IP mode file for STMicroelectronics.X-CUBE-FREERTOS.1.5.0
2026-03-15 12:17:51,521 [WARN] PackLoader:240 - Cannot read IP mode file for ITTIA_DB.I-CUBE-ITTIADB.8.9.0
2026-03-15 12:17:51,531 [WARN] PackLoader:240 - Cannot read IP mode file for STMicroelectronics.X-CUBE-NFC6.3.2.0
2026-03-15 12:17:51,548 [WARN] PackLoader:240 - Cannot read IP mode file for STMicroelectronics.X-CUBE-ST67W61.1.0.0
2026-03-15 12:17:51,556 [WARN] PackLoader:240 - Cannot read IP mode file for STMicroelectronics.X-CUBE-AI.10.2.0
2026-03-15 12:17:51,610 [WARN] PackLoader:240 - Cannot read IP mode file for SEGGER.I-CUBE-embOS.1.3.1
2026-03-15 12:17:51,632 [INFO] WebApp:169 - Instantiating new browser for Auth
2026-03-15 12:17:51,673 [WARN] PackLoader:240 - Cannot read IP mode file for STMicroelectronics.X-CUBE-ALGOBUILD.1.4.0
2026-03-15 12:17:51,784 [WARN] PackLoader:240 - Cannot read IP mode file for STMicroelectronics.X-CUBE-MEMS1.11.3.0
2026-03-15 12:17:52,099 [WARN] PackLoader:240 - Cannot read IP mode file for STMicroelectronics.X-CUBE-PM33A1.1.0.0
2026-03-15 12:17:52,168 [WARN] PackLoader:240 - Cannot read IP mode file for STMicroelectronics.X-CUBE-AZRTOS-F4.1.1.0
2026-03-15 12:17:52,191 [WARN] PackLoader:240 - Cannot read IP mode file for Avnet-IotConnect.X-CUBE-IoTC-DA16k-PMOD.1.0.0
2026-03-15 12:17:52,199 [WARN] PackLoader:240 - Cannot read IP mode file for STMicroelectronics.X-CUBE-ISPU.2.1.0
2026-03-15 12:17:52,216 [WARN] PackLoader:240 - Cannot read IP mode file for STMicroelectronics.X-CUBE-IPS.3.2.0
2026-03-15 12:17:52,233 [WARN] PackLoader:240 - Cannot read IP mode file for STMicroelectronics.X-CUBE-NFC12.1.0.0
2026-03-15 12:17:52,259 [WARN] PackLoader:240 - Cannot read IP mode file for STMicroelectronics.X-CUBE-AZRTOS-L5.2.0.0
2026-03-15 12:17:52,267 [WARN] PackLoader:240 - Cannot read IP mode file for STMicroelectronics.X-CUBE-NFC6.3.1.0
2026-03-15 12:17:52,279 [WARN] PackLoader:240 - Cannot read IP mode file for STMicroelectronics.X-CUBE-FREERTOS.1.3.1
2026-03-15 12:17:52,292 [WARN] PackLoader:240 - Cannot read IP mode file for STMicroelectronics.X-CUBE-TOUCHGFX.4.26.0
2026-03-15 12:17:52,293 [WARN] PackLoader:240 - Cannot read IP mode file for STMicroelectronics.X-CUBE-TOUCHGFX.4.26.1
2026-03-15 12:17:52,304 [WARN] PackLoader:240 - Cannot read IP mode file for STMicroelectronics.FP-SNS-STAIOTCFT.1.0.0
2026-03-15 12:17:52,306 [WARN] PackLoader:240 - Cannot read IP mode file for STMicroelectronics.X-CUBE-DPower.1.3.0
2026-03-15 12:17:52,334 [WARN] ConditionMgr:438 - getConditionDescription Invalid condition id : LAN8742 Phy interface Condition cause : null
2026-03-15 12:17:52,336 [WARN] PackLoader:240 - Cannot read IP mode file for STMicroelectronics.X-CUBE-AZRTOS-L4.2.0.0
2026-03-15 12:17:52,336 [WARN] ConditionMgr:1044 - genDependencies : Invalid condition id : LAN8742 Phy interface Condition cause : null
2026-03-15 12:17:52,336 [WARN] ConditionMgr:1044 - genDependencies : Invalid condition id : LAN8742 Phy interface Condition cause : null
2026-03-15 12:17:52,338 [WARN] ConditionMgr:1044 - genDependencies : Invalid condition id : LAN8742 Phy interface Condition cause : null
2026-03-15 12:17:52,349 [WARN] PackLoader:240 - Cannot read IP mode file for STMicroelectronics.X-CUBE-SFXS2LP1.4.0.0
2026-03-15 12:17:52,355 [WARN] PackLoader:240 - Cannot read IP mode file for STMicroelectronics.X-CUBE-ST67W61.1.2.0
2026-03-15 12:17:52,383 [WARN] PackLoader:240 - Cannot read IP mode file for STMicroelectronics.X-CUBE-AZRTOS-H7.3.3.0
2026-03-15 12:17:52,397 [WARN] PackLoader:240 - Cannot read IP mode file for STMicroelectronics.X-CUBE-BLEMGR.4.1.0
2026-03-15 12:17:52,414 [WARN] ConditionMgr:438 - getConditionDescription Invalid condition id : UX DEVICE CLASS RTOS Condition cause : null
2026-03-15 12:17:52,414 [WARN] ConditionMgr:438 - getConditionDescription Invalid condition id : UX DEVICE CLASS RTOS Condition cause : null
2026-03-15 12:17:52,417 [WARN] PackLoader:240 - Cannot read IP mode file for STMicroelectronics.X-CUBE-AZRTOS-WB.2.0.0
2026-03-15 12:17:52,417 [WARN] ConditionMgr:1044 - genDependencies : Invalid condition id : UX DEVICE CLASS RTOS Condition cause : null
2026-03-15 12:17:52,417 [WARN] ConditionMgr:1044 - genDependencies : Invalid condition id : UX DEVICE CLASS RTOS Condition cause : null
2026-03-15 12:17:52,418 [WARN] ConditionMgr:1044 - genDependencies : Invalid condition id : UX DEVICE CLASS RTOS Condition cause : null
2026-03-15 12:17:52,418 [WARN] ConditionMgr:1044 - genDependencies : Invalid condition id : UX DEVICE CLASS RTOS Condition cause : null
2026-03-15 12:17:52,418 [WARN] ConditionMgr:1044 - genDependencies : Invalid condition id : UX DEVICE CLASS RTOS Condition cause : null
2026-03-15 12:17:52,425 [WARN] PackLoader:240 - Cannot read IP mode file for STMicroelectronics.X-CUBE-GNSS1.7.0.1
2026-03-15 12:17:52,430 [WARN] PackLoader:240 - Cannot read IP mode file for STMicroelectronics.X-CUBE-TOUCHGFX.4.25.0
2026-03-15 12:17:52,435 [WARN] PackLoader:240 - Cannot read IP mode file for STMicroelectronics.FP-SNS-STBOX1.2.0.0
2026-03-15 12:17:52,445 [WARN] PackLoader:240 - Cannot read IP mode file for STMicroelectronics.X-CUBE-STSE01.2.0.0
2026-03-15 12:17:52,456 [WARN] PackLoader:240 - Cannot read IP mode file for STMicroelectronics.X-CUBE-SUBG2.5.0.0
2026-03-15 12:17:52,479 [WARN] PackLoader:240 - Cannot read IP mode file for STMicroelectronics.X-CUBE-AZRTOS-H7RS.1.1.0
2026-03-15 12:17:52,486 [WARN] PackLoader:240 - Cannot read IP mode file for Cesanta.I-CUBE-Mongoose.7.13.0
2026-03-15 12:17:52,506 [WARN] PackLoader:240 - Cannot read IP mode file for STMicroelectronics.X-CUBE-AZRTOS-G4.2.0.0
2026-03-15 12:17:52,515 [WARN] PackLoader:240 - Cannot read IP mode file for wolfSSL.I-CUBE-wolfSSH.1.4.20
2026-03-15 12:17:52,521 [WARN] PackLoader:240 - Cannot read IP mode file for STMicroelectronics.X-CUBE-NFC7.2.0.0
2026-03-15 12:17:52,531 [WARN] PackLoader:240 - Cannot read IP mode file for STMicroelectronics.X-CUBE-IPS.3.1.0
2026-03-15 12:17:52,548 [WARN] PackLoader:240 - Cannot read IP mode file for STMicroelectronics.X-CUBE-ALS.1.0.2
2026-03-15 12:17:52,557 [WARN] PackLoader:240 - Cannot read IP mode file for STMicroelectronics.X-CUBE-STSE01.1.0.0
2026-03-15 12:17:52,571 [WARN] PackLoader:240 - Cannot read IP mode file for portGmbH.I-Cube-SoM-uGOAL.1.1.0
2026-03-15 12:17:52,591 [WARN] PackLoader:240 - Cannot read IP mode file for STMicroelectronics.X-CUBE-TOF1.3.4.3
2026-03-15 12:17:52,622 [INFO] ThirdParty:978 - Integrity check success = true
2026-03-15 12:17:52,623 [INFO] IntegrityCheckThread:100 - exiting critical section [integrity check]
2026-03-15 12:17:52,623 [INFO] IntegrityCheckThread:103 - End integrity checks thread
2026-03-15 12:17:53,792 [INFO] WebApp:463 - Apply proxy settings
2026-03-15 12:17:53,792 [INFO] WebApp:548 - Chromium requires no authentication
2026-03-15 12:17:53,816 [INFO] WebApp:491 - Direct internet connection detected
2026-03-15 12:17:53,885 [INFO] WebApp:900 - Register for checkConnection events
2026-03-15 12:17:53,885 [INFO] WebApp:463 - Apply proxy settings
2026-03-15 12:17:53,885 [INFO] WebApp:548 - Chromium requires no authentication
2026-03-15 12:17:53,886 [INFO] WebApp:491 - Direct internet connection detected
2026-03-15 12:17:54,156 [INFO] WebApp:191 - Connection restablished
2026-03-15 12:17:54,292 [INFO] WebApp:225 - Starting web application
2026-03-15 12:17:54,292 [INFO] WebApp:593 - Web application path used C:\ST\STM32CubeIDE_1.18.1\STM32CubeIDE\plugins\com.st.stm32cube.common.mx_6.15.0.202507011659\db\plugins\mcufinder\reactClient1\index.html
2026-03-15 12:17:54,412 [INFO] UserAuth:487 - Internet connection configuration mode: 1
